INFO: 
--- Processing Sol Contract ---
INFO: Compiling Solidity contract
DEBUG: Parsed Solidity statements: ['foo = 20 * 10']
DEBUG: Detected state variables: ['foo', 'bar']
DEBUG: Processing statement: 'foo = 20 * 10'
DEBUG: Compiled foo = 20
INFO: Compiled bytecode: 39f5ca38f748a1d6eaf726b8a42fb575c3c71f1864a8143301782de13da2d9202b3a2c26b46b68ffc68ff99b453c1d30413413422d706483bfa0f98a5e886266e7ae00, Gas: 20200
INFO: Starting transaction processing
INFO: Created 2 batches
INFO: Processing batch of 1 transactions
INFO: Transaction 1: Bytecode=39f5ca38f748a1d6eaf726b8a42fb575c3c71f1864a8143301782de13da2d9202b3a2c26b46b68ffc68ff99b453c1d30413413422d706483bfa0f98a5e886266e7ae00
INFO: Initializing BVM
INFO: Parsing bytecode
DEBUG: Parsed: Opcode: 0x39, Data: f5ca38f748a1d6eaf726b8a42fb575c3c71f1864a8143301782de13da2d9202b
DEBUG: Parsed: Opcode: 0x3a, Data: 2c26b46b68ffc68ff99b453c1d30413413422d706483bfa0f98a5e886266e7ae
DEBUG: Parsed: Opcode: 0x0, Data: None
INFO: Gas Limit: 1000000, Instructions: 3
INFO: Starting execution
DEBUG: PC=0, Stack=[], Storage={}
INFO: Executing: Opcode: 0x39, Data: f5ca38f748a1d6eaf726b8a42fb575c3c71f1864a8143301782de13da2d9202b
INFO: Processing batch of 1 transactions
INFO: Transaction 1: Bytecode=392c26b46b68ffc68ff99b453c1d30413413422d706483bfa0f98a5e886266e7ae00
INFO: Initializing BVM
INFO: Parsing bytecode
DEBUG: Consuming 200 gas for opcode 0x39
DEBUG: Parsed: Opcode: 0x39, Data: 2c26b46b68ffc68ff99b453c1d30413413422d706483bfa0f98a5e886266e7ae
DEBUG: Parsed: Opcode: 0x0, Data: None
INFO: Gas Limit: 1000000, Instructions: 2
INFO: Starting execution
DEBUG: PC=0, Stack=[], Storage={}
INFO: Executing: Opcode: 0x39, Data: 2c26b46b68ffc68ff99b453c1d30413413422d706483bfa0f98a5e886266e7ae
DEBUG: Consuming 200 gas for opcode 0x39
DEBUG: Gas Used: 200, Remaining: 999800
DEBUG: Gas Used: 200, Remaining: 999800
DEBUG: Loaded 0 from 2c26b46b68ffc68ff99b453c1d30413413422d706483bfa0f98a5e886266e7ae
DEBUG: Loaded 0 from f5ca38f748a1d6eaf726b8a42fb575c3c71f1864a8143301782de13da2d9202b
DEBUG: PC=1, Stack=[0], Storage={}
INFO: Executing: Opcode: 0x0, Data: None
DEBUG: Consuming 0 gas for opcode 0x0
DEBUG: Gas Used: 200, Remaining: 999800
INFO: Stopping execution
INFO: Transaction 1 succeeded
DEBUG: PC=1, Stack=[0], Storage={}
INFO: Executing: Opcode: 0x3a, Data: 2c26b46b68ffc68ff99b453c1d30413413422d706483bfa0f98a5e886266e7ae
DEBUG: Consuming 20000 gas for opcode 0x3a
DEBUG: Gas Used: 20200, Remaining: 979800
INFO: Stored 0 at 2c26b46b68ffc68ff99b453c1d30413413422d706483bfa0f98a5e886266e7ae
DEBUG: PC=2, Stack=[], Storage={b',&\xb4kh\xff\xc6\x8f\xf9\x9bE<\x1d0A4\x13B-pd\x83\xbf\xa0\xf9\x8a^\x88bf\xe7\xae': 0}
INFO: Executing: Opcode: 0x0, Data: None
DEBUG: Consuming 0 gas for opcode 0x0
DEBUG: Gas Used: 20200, Remaining: 979800
INFO: Stopping execution
INFO: Transaction 1 succeeded
INFO: Merged batch 1: {b',&\xb4kh\xff\xc6\x8f\xf9\x9bE<\x1d0A4\x13B-pd\x83\xbf\xa0\xf9\x8a^\x88bf\xe7\xae': 0}
INFO: Merged batch 2: {}
INFO: Final Global Storage:
INFO: {b',&\xb4kh\xff\xc6\x8f\xf9\x9bE<\x1d0A4\x13B-pd\x83\xbf\xa0\xf9\x8a^\x88bf\xe7\xae': 0}
INFO: 
--- Processing Sol Contract ---
INFO: Compiling Solidity contract
DEBUG: Parsed Solidity statements: ['foo = 10 * 20']
DEBUG: Detected state variables: ['foo']
DEBUG: Processing statement: 'foo = 10 * 20'
DEBUG: Compiled foo = 10
INFO: Compiled bytecode: 394a44dc15364204a80fe80e9039455cc1608281820fe2b24f1e5233ade6af1dd53a2c26b46b68ffc68ff99b453c1d30413413422d706483bfa0f98a5e886266e7ae00, Gas: 20200
INFO: Starting transaction processing
INFO: Created 2 batches
INFO: Processing batch of 1 transactions
INFO: Transaction 1: Bytecode=394a44dc15364204a80fe80e9039455cc1608281820fe2b24f1e5233ade6af1dd53a2c26b46b68ffc68ff99b453c1d30413413422d706483bfa0f98a5e886266e7ae00
INFO: Initializing BVM
INFO: Parsing bytecode
DEBUG: Parsed: Opcode: 0x39, Data: 4a44dc15364204a80fe80e9039455cc1608281820fe2b24f1e5233ade6af1dd5
DEBUG: Parsed: Opcode: 0x3a, Data: 2c26b46b68ffc68ff99b453c1d30413413422d706483bfa0f98a5e886266e7ae
DEBUG: Parsed: Opcode: 0x0, Data: None
INFO: Gas Limit: 1000000, Instructions: 3
INFO: Starting execution
DEBUG: PC=0, Stack=[], Storage={}
INFO: Executing: Opcode: 0x39, Data: 4a44dc15364204a80fe80e9039455cc1608281820fe2b24f1e5233ade6af1dd5
DEBUG: Consuming 200 gas for opcode 0x39
DEBUG: Gas Used: 200, Remaining: 999800
DEBUG: Loaded 0 from 4a44dc15364204a80fe80e9039455cc1608281820fe2b24f1e5233ade6af1dd5
DEBUG: PC=1, Stack=[0], Storage={}
INFO: Executing: Opcode: 0x3a, Data: 2c26b46b68ffc68ff99b453c1d30413413422d706483bfa0f98a5e886266e7ae
DEBUG: Consuming 20000 gas for opcode 0x3a
DEBUG: Gas Used: 20200, Remaining: 979800
INFO: Stored 0 at 2c26b46b68ffc68ff99b453c1d30413413422d706483bfa0f98a5e886266e7ae
DEBUG: PC=2, Stack=[], Storage={b',&\xb4kh\xff\xc6\x8f\xf9\x9bE<\x1d0A4\x13B-pd\x83\xbf\xa0\xf9\x8a^\x88bf\xe7\xae': 0}
INFO: Executing: Opcode: 0x0, Data: None
DEBUG: Consuming 0 gas for opcode 0x0
DEBUG: Gas Used: 20200, Remaining: 979800
INFO: Stopping execution
INFO: Transaction 1 succeeded
INFO: Processing batch of 1 transactions
INFO: Transaction 1: Bytecode=392c26b46b68ffc68ff99b453c1d30413413422d706483bfa0f98a5e886266e7ae00
INFO: Initializing BVM
INFO: Parsing bytecode
DEBUG: Parsed: Opcode: 0x39, Data: 2c26b46b68ffc68ff99b453c1d30413413422d706483bfa0f98a5e886266e7ae
DEBUG: Parsed: Opcode: 0x0, Data: None
INFO: Gas Limit: 1000000, Instructions: 2
INFO: Starting execution
DEBUG: PC=0, Stack=[], Storage={}
INFO: Executing: Opcode: 0x39, Data: 2c26b46b68ffc68ff99b453c1d30413413422d706483bfa0f98a5e886266e7ae
DEBUG: Consuming 200 gas for opcode 0x39
DEBUG: Gas Used: 200, Remaining: 999800
DEBUG: Loaded 0 from 2c26b46b68ffc68ff99b453c1d30413413422d706483bfa0f98a5e886266e7ae
DEBUG: PC=1, Stack=[0], Storage={}
INFO: Executing: Opcode: 0x0, Data: None
DEBUG: Consuming 0 gas for opcode 0x0
DEBUG: Gas Used: 200, Remaining: 999800
INFO: Stopping execution
INFO: Transaction 1 succeeded
INFO: Merged batch 1: {b',&\xb4kh\xff\xc6\x8f\xf9\x9bE<\x1d0A4\x13B-pd\x83\xbf\xa0\xf9\x8a^\x88bf\xe7\xae': 0}
INFO: Merged batch 2: {}
INFO: Final Global Storage:
INFO: {b',&\xb4kh\xff\xc6\x8f\xf9\x9bE<\x1d0A4\x13B-pd\x83\xbf\xa0\xf9\x8a^\x88bf\xe7\xae': 0}
